C:\USERS\ZACKBAM\DOCUMENTS\VISUAL STUDIO 2012\PROJECTS\SIMPLECV1\TRACKMULTIPLE\RELEASE\MULTIPLEOBJECTTRACKING.OBJ
C:\USERS\ZACKBAM\DOCUMENTS\VISUAL STUDIO 2012\PROJECTS\SIMPLECV1\TRACKMULTIPLE\RELEASE\FRUIT.OBJ
C:\USERS\ZACKBAM\DOCUMENTS\VISUAL STUDIO 2012\PROJECTS\SIMPLECV1\TRACKMULTIPLE\RELEASE\VC110.PDB
C:\USERS\ZACKBAM\DOCUMENTS\VISUAL STUDIO 2012\PROJECTS\SIMPLECV1\RELEASE\TRACKMULTIPLE.EXE
C:\USERS\ZACKBAM\DOCUMENTS\VISUAL STUDIO 2012\PROJECTS\SIMPLECV1\RELEASE\TRACKMULTIPLE.PDB
C:\Users\zackbam\Documents\Visual Studio 2012\Projects\simpleCV1\trackMultiple\Release\Fruit.obj
C:\Users\zackbam\Documents\Visual Studio 2012\Projects\simpleCV1\trackMultiple\Release\multipleObjectTracking.obj
C:\Users\zackbam\Documents\Visual Studio 2012\Projects\simpleCV1\trackMultiple\Release\cl.command.1.tlog
C:\Users\zackbam\Documents\Visual Studio 2012\Projects\simpleCV1\trackMultiple\Release\CL.read.1.tlog
C:\Users\zackbam\Documents\Visual Studio 2012\Projects\simpleCV1\trackMultiple\Release\CL.write.1.tlog
C:\Users\zackbam\Documents\Visual Studio 2012\Projects\simpleCV1\trackMultiple\Release\link-cvtres.read.1.tlog
C:\Users\zackbam\Documents\Visual Studio 2012\Projects\simpleCV1\trackMultiple\Release\link-cvtres.write.1.tlog
C:\Users\zackbam\Documents\Visual Studio 2012\Projects\simpleCV1\trackMultiple\Release\link-rc.read.1.tlog
C:\Users\zackbam\Documents\Visual Studio 2012\Projects\simpleCV1\trackMultiple\Release\link-rc.write.1.tlog
C:\Users\zackbam\Documents\Visual Studio 2012\Projects\simpleCV1\trackMultiple\Release\link.command.1.tlog
C:\Users\zackbam\Documents\Visual Studio 2012\Projects\simpleCV1\trackMultiple\Release\link.read.1.tlog
C:\Users\zackbam\Documents\Visual Studio 2012\Projects\simpleCV1\trackMultiple\Release\link.write.1.tlog
C:\Users\zackbam\Documents\Visual Studio 2012\Projects\simpleCV1\trackMultiple\Release\vc110.pdb
C:\Users\zackbam\Documents\Visual Studio 2012\Projects\simpleCV1\Release\trackMultiple.pdb
C:\Users\zackbam\Documents\Visual Studio 2012\Projects\simpleCV1\Release\trackMultiple.exe
